{"type":["init_ps"],"time":["2022-11-03 14:01:54"],"user":["Judith Lehmann"],"umph":[1667480514.7298],"ok":[true]}
,
{"type":["check_chunk"],"time":["2022-11-03 14:01:54"],"user":["Judith Lehmann"],"umph":[1667480514.7619],"ok":[true],"chunk":[1],"ex":[1],"e.ind":[0],"code":["library(tidyverse)\nlibrary(pander)\nlibrary(sf)\nlibrary(gganimate)\nlibrary(ggrepel)\nlibrary(skimr)\nlibrary(RColorBrewer)"],"message":[""]}
,
{"type":["check_chunk"],"time":["2022-11-03 14:01:55"],"user":["Judith Lehmann"],"umph":[1667480515.1424],"ok":[true],"chunk":[2],"ex":[1],"e.ind":[0],"code":["eu_makro <- read_csv(\"./data/EU_Makro.csv\")\n\n# enter your code here ...\n"],"message":[""]}
,
{"type":["check_chunk"],"time":["2022-11-03 14:01:55"],"user":["Judith Lehmann"],"umph":[1667480515.1523],"ok":[false],"chunk":[3],"ex":[1],"e.ind":[1],"code":["\n# enter your code here ...\n"],"message":["\nYou have not yet made an assignment to ueberblick in chunk 1___Deskriptive_Anal_b."]}
,
{"type":["check_ps"],"time":["2022-11-03 14:06:47"],"user":["Judith Lehmann"],"umph":[1667480807.4808],"ok":[true]}
,
{"type":["check_chunk"],"time":["2022-11-03 14:06:47"],"user":["Judith Lehmann"],"umph":[1667480807.7557],"ok":[true],"chunk":[3],"ex":[1],"e.ind":[0],"code":["ueberblick <- skim(eu_makro)\nueberblick\n# enter your code here ...\n"],"message":[""]}
,
{"type":["check_chunk"],"time":["2022-11-03 14:06:47"],"user":["Judith Lehmann"],"umph":[1667480807.8342],"ok":[true],"chunk":[4],"ex":[1],"e.ind":[0],"code":["panderOptions('knitr.auto.asis', FALSE)\nueberblick %>% pander(style=\"rmarkdown\") "],"message":[""]}
,
{"type":["check_chunk"],"time":["2022-11-03 14:06:47"],"user":["Judith Lehmann"],"umph":[1667480807.8441],"ok":[false],"chunk":[5],"ex":[1],"e.ind":[1],"code":["\n# enter your code here ...\n1\n"],"message":["\nYou have not yet entered all correct commands in chunk 1___Deskriptive_Anal_c_2."]}
,
{"type":["check_ps"],"time":["2022-11-03 14:06:53"],"user":["Judith Lehmann"],"umph":[1667480813.5717],"ok":[true]}
,
{"type":["check_chunk"],"time":["2022-11-03 14:06:53"],"user":["Judith Lehmann"],"umph":[1667480813.584],"ok":[true],"chunk":[5],"ex":[1],"e.ind":[0],"code":["\n# enter your code here ...\n2\n"],"message":[""]}
,
{"type":["check_chunk"],"time":["2022-11-03 14:06:53"],"user":["Judith Lehmann"],"umph":[1667480813.5947],"ok":[false],"chunk":[6],"ex":[1],"e.ind":[1],"code":["\n# enter your code here ...\n"],"message":["\nYou have not yet entered all correct commands in chunk 1___Deskriptive_Anal_c_3."]}
,
{"type":["check_ps"],"time":["2022-11-03 14:09:34"],"user":["Judith Lehmann"],"umph":[1667480974.3633],"ok":[true]}
,
{"type":["check_chunk"],"time":["2022-11-03 14:09:34"],"user":["Judith Lehmann"],"umph":[1667480974.3754],"ok":[false],"chunk":[6],"ex":[1],"e.ind":[1],"code":["\n# enter your code here ...\n1"],"message":["\nYou have not yet entered all correct commands in chunk 1___Deskriptive_Anal_c_3."]}
,
{"type":["check_ps"],"time":["2022-11-03 14:09:43"],"user":["Judith Lehmann"],"umph":[1667480983.3949],"ok":[true]}
,
{"type":["check_chunk"],"time":["2022-11-03 14:09:43"],"user":["Judith Lehmann"],"umph":[1667480983.4163],"ok":[false],"chunk":[6],"ex":[1],"e.ind":[1],"code":["\n# enter your code here ...\n3"],"message":["\nYou have not yet entered all correct commands in chunk 1___Deskriptive_Anal_c_3."]}
,
{"type":["check_ps"],"time":["2022-11-03 14:09:48"],"user":["Judith Lehmann"],"umph":[1667480988.2082],"ok":[true]}
,
{"type":["check_chunk"],"time":["2022-11-03 14:09:48"],"user":["Judith Lehmann"],"umph":[1667480988.2209],"ok":[true],"chunk":[6],"ex":[1],"e.ind":[0],"code":["\n# enter your code here ...\n2"],"message":[""]}
,
{"type":["check_chunk"],"time":["2022-11-03 14:09:48"],"user":["Judith Lehmann"],"umph":[1667480988.2305],"ok":[false],"chunk":[7],"ex":[1],"e.ind":[1],"code":["#deskriptives <- eu_makro %>%\n#  group_by(___) %>%\n#  summarize(Mittel = round(___(debt_share_country, na.rm=TRUE),2),\n#            SD = round(___(debt_share_country, na.rm=TRUE),2),\n#            Min = round(___(debt_share_country, na.rm=TRUE),2),\n#            Median = round(___(debt_share_country, na.rm=TRUE),2),\n#            Max = round(___(debt_share_country, na.rm=TRUE),2)) %>%\n#  arrange(___(___))\n\n#deskriptives\n\n# enter your code here ...\n"],"message":["\nYou have not yet made an assignment to deskriptives in chunk 1___Deskriptive_Anal_d."]}
,
{"type":["check_ps"],"time":["2022-11-03 14:14:03"],"user":["Judith Lehmann"],"umph":[1667481243.5599],"ok":[true]}
,
{"type":["check_chunk"],"time":["2022-11-03 14:14:03"],"user":["Judith Lehmann"],"umph":[1667481243.5737],"ok":[false],"chunk":[7],"ex":[1],"e.ind":[1],"code":["#deskriptives <- eu_makro %>%\n#  group_by(country) %>%\n#  summarize(Mittel = round(mean(debt_share_country, na.rm=TRUE),2),\n#            SD = round(sd(debt_share_country, na.rm=TRUE),2),\n#            Min = round(min(debt_share_country, na.rm=TRUE),2),\n#            Median = round(median(debt_share_country, na.rm=TRUE),2),\n#            Max = round(max(debt_share_country, na.rm=TRUE),2)) %>%\n#  arrange(desc(median))\n\n#deskriptives\n\n# enter your code here ...\n"],"message":["\nYou have not yet made an assignment to deskriptives in chunk 1___Deskriptive_Anal_d."]}
,
{"type":["check_ps"],"time":["2022-11-03 14:16:23"],"user":["Judith Lehmann"],"umph":[1667481383.3584],"ok":[true]}
,
{"type":["check_chunk"],"time":["2022-11-03 14:16:23"],"user":["Judith Lehmann"],"umph":[1667481383.4281],"ok":[true],"chunk":[7],"ex":[1],"e.ind":[0],"code":["deskriptives <- eu_makro %>%\n  group_by(country) %>%\n  summarize(Mittel = round(mean(debt_share_country, na.rm=TRUE),2),\n            SD = round(sd(debt_share_country, na.rm=TRUE),2),\n            Min = round(min(debt_share_country, na.rm=TRUE),2),\n            Median = round(median(debt_share_country, na.rm=TRUE),2),\n            Max = round(max(debt_share_country, na.rm=TRUE),2)) %>%\narrange(desc(Median))\n\ndeskriptives\n\n# enter your code here ...\n"],"message":[""]}
,
{"type":["check_chunk"],"time":["2022-11-03 14:16:23"],"user":["Judith Lehmann"],"umph":[1667481383.5009],"ok":[true],"chunk":[8],"ex":[2],"e.ind":[0],"code":["eu_makro <- read_csv(\"./data/EU_Makro.csv\")"],"message":[""]}
,
{"type":["check_chunk"],"time":["2022-11-03 14:16:23"],"user":["Judith Lehmann"],"umph":[1667481383.5109],"ok":[false],"chunk":[9],"ex":[2],"e.ind":[1],"code":["\n# enter your code here ...\n"],"message":["\nYou have not yet made an assignment to deutschland in chunk 2_a."]}
,
{"type":["check_ps"],"time":["2022-11-03 14:23:14"],"user":["Judith Lehmann"],"umph":[1667481794.6129],"ok":[true]}
,
{"type":["check_chunk"],"time":["2022-11-03 14:23:14"],"user":["Judith Lehmann"],"umph":[1667481794.8237],"ok":[true],"chunk":[9],"ex":[2],"e.ind":[0],"code":["\n# enter your code here ...\ndeutschland <- eu_makro %>%\n  filter(country == \"Germany\")\n"],"message":[""]}
,
{"type":["check_chunk"],"time":["2022-11-03 14:23:14"],"user":["Judith Lehmann"],"umph":[1667481794.9061],"ok":[true],"chunk":[10],"ex":[2],"e.ind":[0],"code":["g1 <- deutschland %>%\n  ggplot() + geom_point(aes(x = year, y = gdp))\n\ng1\n\n# enter your code here ...\n"],"message":[""]}
,
{"type":["check_chunk"],"time":["2022-11-03 14:23:14"],"user":["Judith Lehmann"],"umph":[1667481794.9162],"ok":[false],"chunk":[11],"ex":[2],"e.ind":[1],"code":["\n# enter your code here ...\n"],"message":["\nYou have not yet made an assignment to g2 in chunk 2_c."]}
,
{"type":["check_ps"],"time":["2022-11-03 14:25:17"],"user":["Judith Lehmann"],"umph":[1667481917.784],"ok":[true]}
,
{"type":["check_ps"],"time":["2022-11-03 14:26:01"],"user":["Judith Lehmann"],"umph":[1667481961.3365],"ok":[true]}
,
{"type":["check_chunk"],"time":["2022-11-03 14:26:01"],"user":["Judith Lehmann"],"umph":[1667481961.4582],"ok":[true],"chunk":[11],"ex":[2],"e.ind":[0],"code":["\n# enter your code here ...\ng2<- g1 +geom_line(aes(x=year,y=gov_debt))\ng2\n"],"message":[""]}
,
{"type":["check_chunk"],"time":["2022-11-03 14:26:01"],"user":["Judith Lehmann"],"umph":[1667481961.4677],"ok":[false],"chunk":[12],"ex":[2],"e.ind":[1],"code":["# g3 <- ____ %>%\n#   ggplot() + \n#   geom_line(aes(x = ____, y = ____, group=____, colour=____))\n#\n#g3\n\n# enter your code here ...\n"],"message":["\nYou have not yet made an assignment to g3 in chunk 2_d."]}
,
{"type":["check_ps"],"time":["2022-11-03 14:35:15"],"user":["Judith Lehmann"],"umph":[1667482515.2092],"ok":[true]}
,
{"type":["check_chunk"],"time":["2022-11-03 14:35:15"],"user":["Judith Lehmann"],"umph":[1667482515.5941],"ok":[true],"chunk":[12],"ex":[2],"e.ind":[0],"code":["g3 <- eu_makro %>%\n   ggplot() + \n   geom_line(aes(x = year, y = debt_share_country, group=country, colour=country))\n\ng3\n\n# enter your code here ...\n"],"message":[""]}
,
{"type":["check_chunk"],"time":["2022-11-03 14:35:15"],"user":["Judith Lehmann"],"umph":[1667482515.6199],"ok":[true],"chunk":[13],"ex":[2],"e.ind":[0],"code":["eu_analyse <- eu_makro %>%\n  filter(year>=1995) %>%\n  mutate( Laender = case_when(\n    country == \"Germany\" ~ \"Deutschland\",\n    country == \"Italy\" ~ \"Italien\",\n    TRUE ~ \"Andere\"))\n\n# enter your code here ...\n"],"message":[""]}
,
{"type":["check_chunk"],"time":["2022-11-03 14:35:15"],"user":["Judith Lehmann"],"umph":[1667482515.6294],"ok":[false],"chunk":[14],"ex":[2],"e.ind":[1],"code":["#g4 <- eu_analyse %>%\n#  ggplot() + \n#  geom_line(aes(x = year, y = debt_share_country, group = ___, colour = ___))\n\n#g4\n\n# enter your code here ...\n"],"message":["\nYou have not yet made an assignment to g4 in chunk 2_f."]}
,
{"type":["hint"],"time":["2022-11-03 14:35:49"],"user":["Judith Lehmann"],"umph":[1667482549.8854],"ok":[true],"chunk":[14],"ex":[2],"e.ind":[1]}
,
{"type":["check_ps"],"time":["2022-11-03 14:35:53"],"user":["Judith Lehmann"],"umph":[1667482553.0376],"ok":[true]}
,
{"type":["check_chunk"],"time":["2022-11-03 14:35:53"],"user":["Judith Lehmann"],"umph":[1667482553.0504],"ok":[false],"chunk":[14],"ex":[2],"e.ind":[1],"code":["#g4 <- eu_analyse %>%\n#  ggplot() + \n#  geom_line(aes(x = year, y = debt_share_country, group = Laender, colour = Laender))\n\n#g4\n\n# enter your code here ...\n"],"message":["\nYou have not yet made an assignment to g4 in chunk 2_f."]}
,
{"type":["check_ps"],"time":["2022-11-03 14:36:22"],"user":["Judith Lehmann"],"umph":[1667482582.2757],"ok":[true]}
,
{"type":["check_chunk"],"time":["2022-11-03 14:36:22"],"user":["Judith Lehmann"],"umph":[1667482582.2888],"ok":[false],"chunk":[14],"ex":[2],"e.ind":[1],"code":["#g4 <- eu_analyse %>%\n#  ggplot() + \n#  geom_line(aes(x = year, y = debt_share_country, group = country, colour = Laender))\n\n#g4\n\n# enter your code here ...\n"],"message":["\nYou have not yet made an assignment to g4 in chunk 2_f."]}
,
{"type":["check_ps"],"time":["2022-11-03 14:36:38"],"user":["Judith Lehmann"],"umph":[1667482598.8315],"ok":[true]}
,
{"type":["check_chunk"],"time":["2022-11-03 14:36:38"],"user":["Judith Lehmann"],"umph":[1667482598.9728],"ok":[true],"chunk":[14],"ex":[2],"e.ind":[0],"code":["g4 <- eu_analyse %>%\n  ggplot() + \n  geom_line(aes(x = year, y = debt_share_country, group = country, colour = Laender))\n\ng4\n\n# enter your code here ...\n"],"message":[""]}
,
{"type":["check_chunk"],"time":["2022-11-03 14:36:38"],"user":["Judith Lehmann"],"umph":[1667482598.9827],"ok":[false],"chunk":[15],"ex":[2],"e.ind":[1],"code":["#g5 <- g4 + \n#  ylab(\"___\") + \n#  xlab(\"___\") +\n#  scale_colour_manual(name = \"___\", \n#                      values = c(\"___\", \"___\", \"___\"))\n#\n#g5\n\n# enter your code here ...\n"],"message":["\nYou have not yet made an assignment to g5 in chunk 2_g."]}
,
{"type":["check_ps"],"time":["2022-11-03 14:38:15"],"user":["Judith Lehmann"],"umph":[1667482695.4465],"ok":[true]}
,
{"type":["check_chunk"],"time":["2022-11-03 14:38:15"],"user":["Judith Lehmann"],"umph":[1667482695.6513],"ok":[true],"chunk":[15],"ex":[2],"e.ind":[0],"code":["g5 <- g4 + \n  ylab(\"Schuldenquote\") + \n  xlab(\"Jahr\") +\n  scale_colour_manual(name = \"Laender\", \n                      values = c(\"grey\", \"springgreen4\", \"blue\"))\n\ng5\n\n# enter your code here ...\n"],"message":[""]}
,
{"type":["check_chunk"],"time":["2022-11-03 14:38:15"],"user":["Judith Lehmann"],"umph":[1667482695.6614],"ok":[false],"chunk":[16],"ex":[2],"e.ind":[1],"code":["#final <- g5 +\n#  ___(\"Schuldenquote einzelner EU-Laender von 1995 - 2017\") +\n#  ___(___=0.60, ___ = \"red\")\n\n#final\n\n# enter your code here ...\n"],"message":["\nYou have not yet made an assignment to final in chunk 2_h."]}
,
{"type":["check_ps"],"time":["2022-11-03 14:44:24"],"user":["Judith Lehmann"],"umph":[1667483064.9703],"ok":[true]}
,
{"type":["check_chunk"],"time":["2022-11-03 14:44:25"],"user":["Judith Lehmann"],"umph":[1667483065.1897],"ok":[true],"chunk":[16],"ex":[2],"e.ind":[0],"code":["final <- g5 +\n  ggtitle(\"Schuldenquote einzelner EU-Laender von 1995 - 2017\") +\n  geom_hline(yintercept=0.60, colour = \"red\")\n\nfinal\n\n# enter your code here ...\n"],"message":[""]}
,
{"type":["check_chunk"],"time":["2022-11-03 14:44:25"],"user":["Judith Lehmann"],"umph":[1667483065.4319],"ok":[true],"chunk":[17],"ex":[2],"e.ind":[0],"code":["final +\n  theme_bw() +\n  guides(color = FALSE) +\n  geom_text_repel(aes(x = year, y = debt_share_country, label = Laender),\n                  data          = filter(eu_analyse %>% filter(Laender!=\"Andere\", year==last(year))),\n                  size          = 4,\n                  box.padding   = 1.5,\n                  point.padding = 0.5,\n                  force         = 100,\n                  segment.size  = 0.2,\n                  segment.color = \"grey50\",\n                  direction     = \"x\")"],"message":[""]}
,
{"type":["check_chunk"],"time":["2022-11-03 14:44:25"],"user":["Judith Lehmann"],"umph":[1667483065.6977],"ok":[true],"chunk":[18],"ex":[3],"e.ind":[0],"code":["eu_makro <- read_csv(\"./data/EU_Makro.csv\")\neu_analyse <- eu_makro %>%\n  filter(year>=1995) %>%\n  mutate( Laender = case_when(\n    country == \"Germany\" ~ \"Deutschland\",\n    country == \"Italy\" ~ \"Italien\",\n    TRUE ~ \"Andere\"))"],"message":[""]}
,
{"type":["check_chunk"],"time":["2022-11-03 14:44:25"],"user":["Judith Lehmann"],"umph":[1667483065.7075],"ok":[false],"chunk":[19],"ex":[3],"e.ind":[1],"code":["#eu_2005 <- eu_makro %>% \n#  filter(___) %>%\n#  ggplot(aes(___)) + \n#  ___\n\n#eu_2005\n\n# enter your code here ...\n"],"message":["\nYou have not yet made an assignment to eu_2005 in chunk 3_a."]}
,
{"type":["check_ps"],"time":["2022-11-03 15:13:33"],"user":["Judith Lehmann"],"umph":[1667484813.645],"ok":[true]}
,
{"type":["check_chunk"],"time":["2022-11-03 15:13:33"],"user":["Judith Lehmann"],"umph":[1667484813.6597],"ok":[false],"chunk":[19],"ex":[3],"e.ind":[1],"code":["#eu_2005 <- eu_makro %>% \n#  filter(___) %>%\n#  ggplot(aes(___)) + \n#  ___\n\n#eu_2005\n\n# enter your code here ...\n"],"message":["\nYou have not yet made an assignment to eu_2005 in chunk 3_a."]}
,
{"type":["check_ps"],"time":["2022-11-03 15:24:37"],"user":["Judith Lehmann"],"umph":[1667485477.2514],"ok":[true]}
,
{"type":["check_chunk"],"time":["2022-11-03 15:24:37"],"user":["Judith Lehmann"],"umph":[1667485477.3757],"ok":[true],"chunk":[19],"ex":[3],"e.ind":[0],"code":["eu_2005 <- eu_makro %>% \n  filter(year == 2005) %>%\n  ggplot(aes(debt_share_country)) + \n  geom_histogram()\n\neu_2005\n\n# enter your code here ...\n"],"message":[""]}
,
{"type":["check_chunk"],"time":["2022-11-03 15:24:37"],"user":["Judith Lehmann"],"umph":[1667485477.5768],"ok":[false],"chunk":[20],"ex":[3],"e.ind":[1],"code":["eu_2005f <- eu_makro %>%\n  filter(year == 2005) %>%\n  ggplot(aes(debt_share_country)) +\n  geom_histogram(bindwidth = 0.01) + \n  ylab(\"Anzahl\") +\n  xlab(\"Schuldenquote\") +\n  geom_vline(xintercept = 0.6, color=\"red\", linetype=\"dashed\")\n\neu_2005f\n\n# enter your code here ...\n"],"message":["\nYou have not made a correct assignment to eu_2005f in chunk 3_b."]}
,
{"type":["check_ps"],"time":["2022-11-03 15:25:31"],"user":["Judith Lehmann"],"umph":[1667485531.6706],"ok":[true]}
,
{"type":["check_chunk"],"time":["2022-11-03 15:25:31"],"user":["Judith Lehmann"],"umph":[1667485531.7993],"ok":[false],"chunk":[20],"ex":[3],"e.ind":[1],"code":["eu_2005f <- eu_makro %>%\n  filter(year == 2005) %>%\n  ggplot(aes(debt_share_country)) +\n  geom_histogram(bins = 0.01) + \n  ylab(\"Anzahl\") +\n  xlab(\"Schuldenquote\") +\n  geom_vline(xintercept = 0.6, color=\"red\", linetype=\"dashed\")\n\neu_2005f\n\n# enter your code here ...\n"],"message":["\nYou have not made a correct assignment to eu_2005f in chunk 3_b."]}
,
{"type":["check_ps"],"time":["2022-11-03 15:25:55"],"user":["Judith Lehmann"],"umph":[1667485555.0463],"ok":[true]}
,
{"type":["check_chunk"],"time":["2022-11-03 15:25:55"],"user":["Judith Lehmann"],"umph":[1667485555.2058],"ok":[false],"chunk":[20],"ex":[3],"e.ind":[1],"code":["eu_2005f <- eu_makro %>%\n  filter(year == 2005) %>%\n  ggplot(aes(debt_share_country)) +\n  geom_histogram(stat_bin = 0.01) + \n  ylab(\"Anzahl\") +\n  xlab(\"Schuldenquote\") +\n  geom_vline(xintercept = 0.6, color=\"red\", linetype=\"dashed\")\n\neu_2005f\n\n# enter your code here ...\n"],"message":["\nYou have not made a correct assignment to eu_2005f in chunk 3_b."]}
,
{"type":["check_ps"],"time":["2022-11-03 15:26:17"],"user":["Judith Lehmann"],"umph":[1667485577.4652],"ok":[true]}
,
{"type":["check_chunk"],"time":["2022-11-03 15:26:17"],"user":["Judith Lehmann"],"umph":[1667485577.6391],"ok":[true],"chunk":[20],"ex":[3],"e.ind":[0],"code":["eu_2005f <- eu_makro %>%\n  filter(year == 2005) %>%\n  ggplot(aes(debt_share_country)) +\n  geom_histogram(binwidth = 0.01) + \n  ylab(\"Anzahl\") +\n  xlab(\"Schuldenquote\") +\n  geom_vline(xintercept = 0.6, color=\"red\", linetype=\"dashed\")\n\neu_2005f\n\n# enter your code here ...\n"],"message":[""]}
,
{"type":["check_chunk"],"time":["2022-11-03 15:26:17"],"user":["Judith Lehmann"],"umph":[1667485577.715],"ok":[false],"chunk":[21],"ex":[3],"e.ind":[1],"code":["eu_vergleich <- eu_makro %>% \n  filter(year==2005 | 2008 | 2011 | 2014) %>%\n  ggplot(aes(debt_share_country)) + \n  geom_histogram(bindwidth= 0.01) +\n  geom_vline(xintercept = 0.6, color=\"red\", linetype=\"dashed\") +\n  xlab(\"Schuldenquote\") +\n  ylab(\"Anzahl\") +\n  ggtitle(\"Verteilung der Schuldenquote\") +\n  facet_wrap(year ~., nrow=4)\n\n#eu_vergleich\n\n# enter your code here ...\n"],"message":["\nYou have not made a correct assignment to eu_vergleich in chunk 3_c."]}
,
{"type":["check_ps"],"time":["2022-11-03 15:26:38"],"user":["Judith Lehmann"],"umph":[1667485598.9735],"ok":[true]}
,
{"type":["check_chunk"],"time":["2022-11-03 15:26:39"],"user":["Judith Lehmann"],"umph":[1667485599.0538],"ok":[false],"chunk":[21],"ex":[3],"e.ind":[1],"code":["eu_vergleich <- eu_makro %>% \n  filter(year==2005 | 2008 | 2011 | 2014) %>%\n  ggplot(aes(debt_share_country)) + \n  geom_histogram(binwidth= 0.01) +\n  geom_vline(xintercept = 0.6, color=\"red\", linetype=\"dashed\") +\n  xlab(\"Schuldenquote\") +\n  ylab(\"Anzahl\") +\n  ggtitle(\"Verteilung der Schuldenquote\") +\n  facet_wrap(year ~., nrow=4)\n\n#eu_vergleich\n\n# enter your code here ...\n"],"message":["\nYou have not made a correct assignment to eu_vergleich in chunk 3_c."]}
,
{"type":["check_ps"],"time":["2022-11-03 15:27:22"],"user":["Judith Lehmann"],"umph":[1667485642.2558],"ok":[true]}
,
{"type":["check_chunk"],"time":["2022-11-03 15:27:22"],"user":["Judith Lehmann"],"umph":[1667485642.2686],"ok":[false],"chunk":[23],"ex":[3],"e.ind":[1],"code":["#balken <- eu_analyse %>%\n#  mutate( typ = ___(___(debt_share_country>___,1,0)),\n#          relation = debt_share_country - ___)\n\n# enter your code here ...\n"],"message":["\nYou have not yet made an assignment to balken in chunk 3_e."]}
,
{"type":["check_ps"],"time":["2022-11-03 15:28:37"],"user":["Judith Lehmann"],"umph":[1667485717.9723],"ok":[true]}
,
{"type":["check_chunk"],"time":["2022-11-03 15:28:40"],"user":["Judith Lehmann"],"umph":[1667485720.8272],"ok":[false],"chunk":[21],"ex":[3],"e.ind":[1],"code":["eu_vergleich <- eu_makro %>% \n  filter(year==2005 | 2008 | 2011 | 2014) %>%\n  ggplot(aes(debt_share_country)) + \n  geom_histogram(binwidth= 0.01) +\n  geom_vline(xintercept = 0.6, color=\"red\", linetype=\"dashed\") +\n  xlab(\"Schuldenquote\") +\n  ylab(\"Anzahl\") +\n  ggtitle(\"Verteilung der Schuldenquote\") +\n  facet_wrap(year ~., nrow=4)\n\neu_vergleich\n\n# enter your code here ...\n"],"message":["\nYou have not made a correct assignment to eu_vergleich in chunk 3_c."]}
,
{"type":["check_ps"],"time":["2022-11-03 15:29:05"],"user":["Judith Lehmann"],"umph":[1667485745.9217],"ok":[true]}
,
{"type":["check_chunk"],"time":["2022-11-03 15:29:05"],"user":["Judith Lehmann"],"umph":[1667485745.9341],"ok":[false],"chunk":[23],"ex":[3],"e.ind":[1],"code":["#balken <- eu_analyse %>%\n#  mutate( typ = ___(___(debt_share_country>___,1,0)),\n#          relation = debt_share_country - ___)\n\n# enter your code here ...\n"],"message":["\nYou have not yet made an assignment to balken in chunk 3_e."]}
,
{"type":["check_ps"],"time":["2022-11-03 15:29:27"],"user":["Judith Lehmann"],"umph":[1667485767.7551],"ok":[true]}
,
{"type":["check_chunk"],"time":["2022-11-03 15:29:27"],"user":["Judith Lehmann"],"umph":[1667485767.7678],"ok":[false],"chunk":[23],"ex":[3],"e.ind":[1],"code":["#balken <- eu_analyse %>%\n#  mutate( typ = ___(___(debt_share_country>___,1,0)),\n#          relation = debt_share_country - ___)\n\n# enter your code here ...\n"],"message":["\nYou have not yet made an assignment to balken in chunk 3_e."]}
,
{"type":["check_ps"],"time":["2022-11-03 15:31:08"],"user":["Judith Lehmann"],"umph":[1667485868.0333],"ok":[true]}
,
{"type":["check_chunk"],"time":["2022-11-03 15:31:08"],"user":["Judith Lehmann"],"umph":[1667485868.5668],"ok":[true],"chunk":[21],"ex":[3],"e.ind":[0],"code":["eu_vergleich <- eu_makro %>% \n  filter(year==2005 | year == 2008 |year== 2011 |year== 2014) %>%\n  ggplot(aes(debt_share_country)) + \n  geom_histogram(binwidth= 0.01) +\n  geom_vline(xintercept = 0.6, color=\"red\", linetype=\"dashed\") +\n  xlab(\"Schuldenquote\") +\n  ylab(\"Anzahl\") +\n  ggtitle(\"Verteilung der Schuldenquote\") +\n  facet_wrap(year ~., nrow=4)\n\neu_vergleich\n\n# enter your code here ...\n"],"message":[""]}
,
{"type":["check_chunk"],"time":["2022-11-03 15:31:08"],"user":["Judith Lehmann"],"umph":[1667485868.5769],"ok":[false],"chunk":[22],"ex":[3],"e.ind":[1],"code":["\n# enter your code here ...\n"],"message":["\nYou have not yet entered all correct commands in chunk 3_d."]}
,
{"type":["check_ps"],"time":["2022-11-03 15:31:48"],"user":["Judith Lehmann"],"umph":[1667485908.1597],"ok":[true]}
,
{"type":["check_chunk"],"time":["2022-11-03 15:31:48"],"user":["Judith Lehmann"],"umph":[1667485908.1818],"ok":[false],"chunk":[22],"ex":[3],"e.ind":[1],"code":["\n# enter your code here ...\n2"],"message":["\nYou have not yet entered all correct commands in chunk 3_d."]}
,
{"type":["check_ps"],"time":["2022-11-03 15:31:55"],"user":["Judith Lehmann"],"umph":[1667485915.583],"ok":[true]}
,
{"type":["check_chunk"],"time":["2022-11-03 15:31:55"],"user":["Judith Lehmann"],"umph":[1667485915.6047],"ok":[true],"chunk":[22],"ex":[3],"e.ind":[0],"code":["\n# enter your code here ...\n1"],"message":[""]}
,
{"type":["check_chunk"],"time":["2022-11-03 15:31:55"],"user":["Judith Lehmann"],"umph":[1667485915.6145],"ok":[false],"chunk":[23],"ex":[3],"e.ind":[1],"code":["#balken <- eu_analyse %>%\n#  mutate( typ = ___(___(debt_share_country>___,1,0)),\n#          relation = debt_share_country - ___)\n\n# enter your code here ...\n"],"message":["\nYou have not yet made an assignment to balken in chunk 3_e."]}
,
{"type":["check_ps"],"time":["2022-11-03 15:40:07"],"user":["Judith Lehmann"],"umph":[1667486407.8177],"ok":[true]}
,
{"type":["check_chunk"],"time":["2022-11-03 15:40:07"],"user":["Judith Lehmann"],"umph":[1667486407.8384],"ok":[true],"chunk":[23],"ex":[3],"e.ind":[0],"code":["balken <- eu_analyse %>%\n  mutate( typ = as.factor(ifelse(debt_share_country>0.6,1,0)),\n          relation = debt_share_country - 0.6)\n\n# enter your code here ...\n"],"message":[""]}
,
{"type":["check_chunk"],"time":["2022-11-03 15:40:07"],"user":["Judith Lehmann"],"umph":[1667486407.8485],"ok":[false],"chunk":[24],"ex":[3],"e.ind":[1],"code":["#plot_balken <- balken %>%\n#  filter(___) %>%\n#  ggplot(aes(x=___, y=___)) + \n#  geom____(stat=___, aes(fill=___), width=___) +\n#  xlab(___) +\n#  ylab(___) +\n#  ___(\"Einhaltung der Maastricht Kriterien in 2005\")\n\n#plot_balken\n\n# enter your code here ...\n"],"message":["\nYou have not yet made an assignment to plot_balken in chunk 3_f."]}
,
{"type":["check_ps"],"time":["2022-11-03 15:42:39"],"user":["Judith Lehmann"],"umph":[1667486559.0135],"ok":[true]}
,
{"type":["check_chunk"],"time":["2022-11-03 15:42:39"],"user":["Judith Lehmann"],"umph":[1667486559.0274],"ok":[false],"chunk":[24],"ex":[3],"e.ind":[1],"code":["#plot_balken <- balken %>%\n#  filter(year == 2005) %>%\n#  ggplot(aes(x=Laender, y=relation)) + \n#  geom____(stat=identity, aes(fill=typ), width=0.5) +\n#  xlab(Laender) +\n#  ylab(Relation) +\n#  ggtitle(\"Einhaltung der Maastricht Kriterien in 2005\")\n\n#plot_balken\n\n# enter your code here ...\n"],"message":["\nYou have not yet made an assignment to plot_balken in chunk 3_f."]}
,
{"type":["hint"],"time":["2022-11-03 15:42:43"],"user":["Judith Lehmann"],"umph":[1667486563.8002],"ok":[true],"chunk":[24],"ex":[3],"e.ind":[1]}
,
{"type":["check_ps"],"time":["2022-11-03 15:43:07"],"user":["Judith Lehmann"],"umph":[1667486587.022],"ok":[true]}
,
{"type":["check_chunk"],"time":["2022-11-03 15:43:07"],"user":["Judith Lehmann"],"umph":[1667486587.035],"ok":[false],"chunk":[24],"ex":[3],"e.ind":[1],"code":["#plot_balken <- balken %>%\n#  filter(year == 2005) %>%\n#  ggplot(aes(x=Laender, y=relation)) + \n#  geom_balken(stat=identity, aes(fill=typ), width=0.5) +\n#  xlab(Laender) +\n#  ylab(Relation) +\n#  ggtitle(\"Einhaltung der Maastricht Kriterien in 2005\")\n\n#plot_balken\n\n# enter your code here ...\n"],"message":["\nYou have not yet made an assignment to plot_balken in chunk 3_f."]}
,
{"type":["check_ps"],"time":["2022-11-03 15:50:26"],"user":["Judith Lehmann"],"umph":[1667487026.773],"ok":[true]}
,
{"type":["check_chunk"],"time":["2022-11-03 15:50:26"],"user":["Judith Lehmann"],"umph":[1667487026.9549],"ok":[true],"chunk":[24],"ex":[3],"e.ind":[0],"code":["plot_balken <- balken %>%\n  filter(year == 2005) %>%\n  ggplot(aes(x=country, y=relation)) + \n  geom_bar(stat=\"identity\", aes(fill=typ), width=0.5) +\n  xlab(\"Laender\") +\n  ylab(\"Relation\") +\n  ggtitle(\"Einhaltung der Maastricht Kriterien in 2005\")\n\nplot_balken\n\n# enter your code here ...\n"],"message":[""]}
,
{"type":["check_chunk"],"time":["2022-11-03 15:50:27"],"user":["Judith Lehmann"],"umph":[1667487027.2059],"ok":[true],"chunk":[25],"ex":[3],"e.ind":[0],"code":["plot_balken_final <- plot_balken +\n  scale_fill_manual(name=\"Rel. Schuldenquote\", \n                    labels = c(\"Erfuellt Maastricht\", \"Verletzt Maastricht\"),\n                    values = c(\"0\"=\"springgreen4\", \"1\"=\"red\"))\n\nplot_balken_final"],"message":[""]}
,
{"type":["check_chunk"],"time":["2022-11-03 15:50:27"],"user":["Judith Lehmann"],"umph":[1667487027.2158],"ok":[false],"chunk":[26],"ex":[3],"e.ind":[1],"code":["#flipped_bars <- balken %>%\n#  filter(year==2005 | ___) %>%\n#  ggplot(aes(x=___, y=___)) + \n#  geom_bar(stat=___, aes(fill=___), width=___) +\n#  xlab(___) +\n#  ylab(\"Relation\") +\n#  ___(\"Einhaltung der Maastricht Kriterien in 2005 und 2014\") +\n#  facet_wrap( ___~., ncol=___) +\n#  coord_flip()\n\n#flipped_bars\n\n# enter your code here ...\n"],"message":["\nYou have not yet made an assignment to flipped_bars in chunk 3_h."]}
,
{"type":["check_ps"],"time":["2022-11-03 15:53:00"],"user":["Judith Lehmann"],"umph":[1667487180.6276],"ok":[true]}
,
{"type":["check_chunk"],"time":["2022-11-03 15:53:00"],"user":["Judith Lehmann"],"umph":[1667487180.871],"ok":[true],"chunk":[26],"ex":[3],"e.ind":[0],"code":["flipped_bars <- balken %>%\n  filter(year==2005 | year == 2014) %>%\n  ggplot(aes(x=country, y=relation)) + \n  geom_bar(stat=\"identity\", aes(fill=typ), width=0.5) +\n  xlab(\"Laender\") +\n  ylab(\"Relation\") +\n  ggtitle(\"Einhaltung der Maastricht Kriterien in 2005 und 2014\") +\n  facet_wrap( year~., ncol=2) +\n  coord_flip()\n\nflipped_bars\n\n# enter your code here ...\n"],"message":[""]}
,
{"type":["check_chunk"],"time":["2022-11-03 15:53:01"],"user":["Judith Lehmann"],"umph":[1667487181.1584],"ok":[true],"chunk":[27],"ex":[3],"e.ind":[0],"code":["flipped_bars +\n  scale_fill_manual(name=\"Rel. Schuldenquote\", \n                    labels = c(\"Erfuellt Maastricht\", \"Verletzt Maastricht\"),\n                    values = c(\"0\"=\"springgreen4\", \"1\"=\"red\"))"],"message":[""]}
,
{"type":["check_chunk"],"time":["2022-11-03 15:53:01"],"user":["Judith Lehmann"],"umph":[1667487181.1656],"ok":[false],"chunk":[28],"ex":[3],"e.ind":[0],"code":["#animated_bars <- balken %>%\n#  ggplot(aes(x=___, y=___)) + \n#  geom_bar(stat=___, aes(fill=___), width=.5) +\n#  ___(\"Laender\") +\n#  ylab(___) +\n#  ___(\"Einhaltung der Maastricht Kriterien in 2005 und 2014\") +\n#  scale_fill_manual(name=\"Rel. Schuldenquote\", \n#                    ___ = c(\"Erfuellt Maastricht\", \"Verletzt Maastricht\"),\n#                    ___ = c(\"0\"=\"springgreen4\", \"1\"=\"red\")) +\n#  coord_flip()\n\n# enter your code here ...\n\nanimated_bars + transition_time(as.integer(year)) +\n  labs(title = \"Jahr: {frame_time}\")"],"message":["evaluation error in \n  animated_bars + transition_time(as.integer(year)) + labs(title = \"Jahr: {frame_time}\")\n  Error:  object 'animated_bars' not found\n"]}
,
{"type":["hint"],"time":["2022-11-03 15:57:20"],"user":["Judith Lehmann"],"umph":[1667487440.8139],"ok":[true],"chunk":[28],"ex":[3],"e.ind":[0]}
,
{"type":["check_ps"],"time":["2022-11-03 16:01:58"],"user":["Judith Lehmann"],"umph":[1667487718.2983],"ok":[true]}
,
{"type":["check_chunk"],"time":["2022-11-03 16:02:10"],"user":["Judith Lehmann"],"umph":[1667487730.6786],"ok":[false],"chunk":[28],"ex":[3],"e.ind":[1],"code":["animated_bars <- balken %>%\n  ggplot(aes(x=country, y=relation)) + \n  geom_bar(stat=\"identity\", aes(fill=typ), width= 0.5) +\n  xlab(\"Laender\") +\n  ylab(\"Relation\") +\n  ggtitle(\"Einhaltung der Maastricht Kriterien in 2005 und 2014\") +\n  scale_fill_manual(name=\"Rel. Schuldenquote\", \n                     label= c(\"Erfuellt Maastricht\", \"Verletzt Maastricht\"),\n                    values = c(\"0\"=\"springgreen4\", \"1\"=\"red\")) +\n  coord_flip()\n\n# enter your code here ...\n\nanimated_bars + transition_time(as.integer(year)) +\n  labs(title = \"Jahr: {frame_time}\")"],"message":["\nYou have not made a correct assignment to animated_bars in chunk 3_j."]}
,
{"type":["check_ps"],"time":["2022-11-03 16:03:56"],"user":["Judith Lehmann"],"umph":[1667487836.5568],"ok":[true]}
,
{"type":["check_chunk"],"time":["2022-11-03 16:04:08"],"user":["Judith Lehmann"],"umph":[1667487848.5063],"ok":[true],"chunk":[28],"ex":[3],"e.ind":[0],"code":["animated_bars <- balken %>%\n  ggplot(aes(x=country, y=relation)) + \n  geom_bar(stat=\"identity\", aes(fill=typ), width= 0.5) +\n  xlab(\"Laender\") +\n  ylab(\"Relation\") +\n  ggtitle(\"Einhaltung der Maastricht Kriterien in 2005 und 2014\") +\n  scale_fill_manual(name=\"Rel. Schuldenquote\", \n                     labels= c(\"Erfuellt Maastricht\", \"Verletzt Maastricht\"),\n                    values = c(\"0\"=\"springgreen4\", \"1\"=\"red\")) +\n  coord_flip()\n\n# enter your code here ...\n\nanimated_bars + transition_time(as.integer(year)) +\n  labs(title = \"Jahr: {frame_time}\")"],"message":[""]}
,
{"type":["check_chunk"],"time":["2022-11-03 16:04:08"],"user":["Judith Lehmann"],"umph":[1667487848.63],"ok":[true],"chunk":[29],"ex":[4],"e.ind":[0],"code":["dat <-  readRDS(\"./data/eu_macro_maps.Rds\")\nhead(dat)"],"message":[""]}
,
{"type":["check_chunk"],"time":["2022-11-03 16:04:08"],"user":["Judith Lehmann"],"umph":[1667487848.6561],"ok":[false],"chunk":[30],"ex":[4],"e.ind":[1],"code":["# Erstelle die Spalte debt_share in Prozent und gerundet\ndat <-  dat %>%\n  mutate(debt_share = round(100*gov_debt / gdp))\n# Erstelle die Spalte label fuer die Beschriftung zur Verschuldung\n# in der Karte\ndat <-  dat %>%\n  mutate(label = paste0(cntry,\" \", debt_share,\"%\"))\n\n# Erstelle schoene Farbpalette \n# mit RColorBrewer\ncolours = rev(brewer.pal(8,\"RdYlGn\"))\n#dat %>%\n#  ggplot() +\n#  geom_sf(aes(fill=___, geometry=geometry)) +\n#  geom_sf_text(aes(label=___, geometry=geometry), size=3)+\n#  theme_void() + \n#  scale_fill_gradientn(colours = colours, name = ___) +\n#  theme(panel.grid.major = element_line(color = \"white\"))\n\n# enter your code here ...\n"],"message":["\nYou have not yet entered all correct commands in chunk 4___Kartenmaterial__2."]}
,
{"type":["hint"],"time":["2022-11-03 16:07:29"],"user":["Judith Lehmann"],"umph":[1667488049.6721],"ok":[true],"chunk":[30],"ex":[4],"e.ind":[1]}
,
{"type":["check_ps"],"time":["2022-11-03 16:08:46"],"user":["Judith Lehmann"],"umph":[1667488126.878],"ok":[true]}
,
{"type":["check_chunk"],"time":["2022-11-03 16:08:58"],"user":["Judith Lehmann"],"umph":[1667488138.3767],"ok":[true],"chunk":[28],"ex":[3],"e.ind":[0],"code":["animated_bars <- balken %>%\n  ggplot(aes(x=country, y=relation)) + \n  geom_bar(stat=\"identity\", aes(fill=typ), width= 0.5) +\n  xlab(\"Laender\") +\n  ylab(\"Relation\") +\n  ggtitle(\"Einhaltung der Maastricht Kriterien in 2005 und 2014\") +\n  scale_fill_manual(name=\"Rel. Schuldenquote\", \n                    labels = c(\"Erfuellt Maastricht\", \"Verletzt Maastricht\"),\n                    values = c(\"0\"=\"springgreen4\", \"1\"=\"red\")) +\n  coord_flip()\n\n# enter your code here ...\n\nanimated_bars + transition_time(as.integer(year)) +\n  labs(title = \"Jahr: {frame_time}\")"],"message":[""]}
,
{"type":["check_chunk"],"time":["2022-11-03 16:08:58"],"user":["Judith Lehmann"],"umph":[1667488138.8166],"ok":[true],"chunk":[30],"ex":[4],"e.ind":[0],"code":["# Erstelle die Spalte debt_share in Prozent und gerundet\ndat <-  dat %>%\n  mutate(debt_share = round(100*gov_debt / gdp))\n# Erstelle die Spalte label fuer die Beschriftung zur Verschuldung\n# in der Karte\ndat <-  dat %>%\n  mutate(label = paste0(cntry,\" \", debt_share,\"%\"))\n\n# Erstelle schoene Farbpalette \n# mit RColorBrewer\ncolours = rev(brewer.pal(8,\"RdYlGn\"))\ndat %>%\n  ggplot() +\n  geom_sf(aes(fill=debt_share, geometry=geometry)) +\n  geom_sf_text(aes(label=label, geometry=geometry), size=3)+\n  theme_void() + \n  scale_fill_gradientn(colours = colours, name = \"Schuldenquote\") +\n  theme(panel.grid.major = element_line(color = \"white\"))\n\n# enter your code here ...\n"],"message":[""]}
,
{"type":["grade_ps"],"time":["2022-11-03 16:10:49"],"user":["Judith Lehmann"],"umph":[1667488249.0571],"ok":[true]}
,
{"type":["init_ps"],"time":["2022-11-03 16:10:49"],"user":["Judith Lehmann"],"umph":[1667488249.0713],"ok":[true]}
,
{"type":["check_chunk"],"time":["2022-11-03 16:10:49"],"user":["Judith Lehmann"],"umph":[1667488249.0805],"ok":[true],"chunk":[1],"ex":[1],"e.ind":[0],"code":["library(tidyverse)\nlibrary(pander)\nlibrary(sf)\nlibrary(gganimate)\nlibrary(ggrepel)\nlibrary(skimr)\nlibrary(RColorBrewer)"],"message":[""]}
,
{"type":["check_chunk"],"time":["2022-11-03 16:10:49"],"user":["Judith Lehmann"],"umph":[1667488249.2754],"ok":[true],"chunk":[2],"ex":[1],"e.ind":[0],"code":["eu_makro <- read_csv(\"./data/EU_Makro.csv\")\n\n# enter your code here ...\n"],"message":[""]}
,
{"type":["check_chunk"],"time":["2022-11-03 16:10:49"],"user":["Judith Lehmann"],"umph":[1667488249.545],"ok":[true],"chunk":[3],"ex":[1],"e.ind":[0],"code":["ueberblick <- skim(eu_makro)\nueberblick\n# enter your code here ...\n"],"message":[""]}
,
{"type":["check_chunk"],"time":["2022-11-03 16:10:49"],"user":["Judith Lehmann"],"umph":[1667488249.6322],"ok":[true],"chunk":[4],"ex":[1],"e.ind":[0],"code":["panderOptions('knitr.auto.asis', FALSE)\nueberblick %>% pander(style=\"rmarkdown\") "],"message":[""]}
,
{"type":["check_chunk"],"time":["2022-11-03 16:10:49"],"user":["Judith Lehmann"],"umph":[1667488249.6412],"ok":[true],"chunk":[5],"ex":[1],"e.ind":[0],"code":["\n# enter your code here ...\n2\n"],"message":[""]}
,
{"type":["check_chunk"],"time":["2022-11-03 16:10:49"],"user":["Judith Lehmann"],"umph":[1667488249.6503],"ok":[true],"chunk":[6],"ex":[1],"e.ind":[0],"code":["\n# enter your code here ...\n2"],"message":[""]}
,
{"type":["check_chunk"],"time":["2022-11-03 16:10:49"],"user":["Judith Lehmann"],"umph":[1667488249.7085],"ok":[true],"chunk":[7],"ex":[1],"e.ind":[0],"code":["deskriptives <- eu_makro %>%\n  group_by(country) %>%\n  summarize(Mittel = round(mean(debt_share_country, na.rm=TRUE),2),\n            SD = round(sd(debt_share_country, na.rm=TRUE),2),\n            Min = round(min(debt_share_country, na.rm=TRUE),2),\n            Median = round(median(debt_share_country, na.rm=TRUE),2),\n            Max = round(max(debt_share_country, na.rm=TRUE),2)) %>%\narrange(desc(Median))\n\ndeskriptives\n\n# enter your code here ...\n"],"message":[""]}
,
{"type":["check_chunk"],"time":["2022-11-03 16:10:49"],"user":["Judith Lehmann"],"umph":[1667488249.7795],"ok":[true],"chunk":[8],"ex":[2],"e.ind":[0],"code":["eu_makro <- read_csv(\"./data/EU_Makro.csv\")"],"message":[""]}
,
{"type":["check_chunk"],"time":["2022-11-03 16:10:49"],"user":["Judith Lehmann"],"umph":[1667488249.7998],"ok":[true],"chunk":[9],"ex":[2],"e.ind":[0],"code":["\n# enter your code here ...\ndeutschland <- eu_makro %>%\n  filter(country == \"Germany\")\n"],"message":[""]}
,
{"type":["check_chunk"],"time":["2022-11-03 16:10:49"],"user":["Judith Lehmann"],"umph":[1667488249.8965],"ok":[true],"chunk":[10],"ex":[2],"e.ind":[0],"code":["g1 <- deutschland %>%\n  ggplot() + geom_point(aes(x = year, y = gdp))\n\ng1\n\n# enter your code here ...\n"],"message":[""]}
,
{"type":["check_chunk"],"time":["2022-11-03 16:10:50"],"user":["Judith Lehmann"],"umph":[1667488250.0271],"ok":[true],"chunk":[11],"ex":[2],"e.ind":[0],"code":["\n# enter your code here ...\ng2<- g1 +geom_line(aes(x=year,y=gov_debt))\ng2\n"],"message":[""]}
,
{"type":["check_chunk"],"time":["2022-11-03 16:10:50"],"user":["Judith Lehmann"],"umph":[1667488250.4497],"ok":[true],"chunk":[12],"ex":[2],"e.ind":[0],"code":["g3 <- eu_makro %>%\n   ggplot() + \n   geom_line(aes(x = year, y = debt_share_country, group=country, colour=country))\n\ng3\n\n# enter your code here ...\n"],"message":[""]}
,
{"type":["check_chunk"],"time":["2022-11-03 16:10:50"],"user":["Judith Lehmann"],"umph":[1667488250.4736],"ok":[true],"chunk":[13],"ex":[2],"e.ind":[0],"code":["eu_analyse <- eu_makro %>%\n  filter(year>=1995) %>%\n  mutate( Laender = case_when(\n    country == \"Germany\" ~ \"Deutschland\",\n    country == \"Italy\" ~ \"Italien\",\n    TRUE ~ \"Andere\"))\n\n# enter your code here ...\n"],"message":[""]}
,
{"type":["check_chunk"],"time":["2022-11-03 16:10:50"],"user":["Judith Lehmann"],"umph":[1667488250.9451],"ok":[true],"chunk":[14],"ex":[2],"e.ind":[0],"code":["g4 <- eu_analyse %>%\n  ggplot() + \n  geom_line(aes(x = year, y = debt_share_country, group = country, colour = Laender))\n\ng4\n\n# enter your code here ...\n"],"message":[""]}
,
{"type":["check_chunk"],"time":["2022-11-03 16:10:51"],"user":["Judith Lehmann"],"umph":[1667488251.2026],"ok":[true],"chunk":[15],"ex":[2],"e.ind":[0],"code":["g5 <- g4 + \n  ylab(\"Schuldenquote\") + \n  xlab(\"Jahr\") +\n  scale_colour_manual(name = \"Laender\", \n                      values = c(\"grey\", \"springgreen4\", \"blue\"))\n\ng5\n\n# enter your code here ...\n"],"message":[""]}
,
{"type":["check_chunk"],"time":["2022-11-03 16:10:51"],"user":["Judith Lehmann"],"umph":[1667488251.4799],"ok":[true],"chunk":[16],"ex":[2],"e.ind":[0],"code":["final <- g5 +\n  ggtitle(\"Schuldenquote einzelner EU-Laender von 1995 - 2017\") +\n  geom_hline(yintercept=0.60, colour = \"red\")\n\nfinal\n\n# enter your code here ...\n"],"message":[""]}
,
{"type":["check_chunk"],"time":["2022-11-03 16:10:51"],"user":["Judith Lehmann"],"umph":[1667488251.7284],"ok":[true],"chunk":[17],"ex":[2],"e.ind":[0],"code":["final +\n  theme_bw() +\n  guides(color = FALSE) +\n  geom_text_repel(aes(x = year, y = debt_share_country, label = Laender),\n                  data          = filter(eu_analyse %>% filter(Laender!=\"Andere\", year==last(year))),\n                  size          = 4,\n                  box.padding   = 1.5,\n                  point.padding = 0.5,\n                  force         = 100,\n                  segment.size  = 0.2,\n                  segment.color = \"grey50\",\n                  direction     = \"x\")"],"message":[""]}
,
{"type":["check_chunk"],"time":["2022-11-03 16:10:51"],"user":["Judith Lehmann"],"umph":[1667488251.8047],"ok":[true],"chunk":[18],"ex":[3],"e.ind":[0],"code":["eu_makro <- read_csv(\"./data/EU_Makro.csv\")\neu_analyse <- eu_makro %>%\n  filter(year>=1995) %>%\n  mutate( Laender = case_when(\n    country == \"Germany\" ~ \"Deutschland\",\n    country == \"Italy\" ~ \"Italien\",\n    TRUE ~ \"Andere\"))"],"message":[""]}
,
{"type":["check_chunk"],"time":["2022-11-03 16:10:51"],"user":["Judith Lehmann"],"umph":[1667488251.9863],"ok":[true],"chunk":[19],"ex":[3],"e.ind":[0],"code":["eu_2005 <- eu_makro %>% \n  filter(year == 2005) %>%\n  ggplot(aes(debt_share_country)) + \n  geom_histogram()\n\neu_2005\n\n# enter your code here ...\n"],"message":[""]}
,
{"type":["check_chunk"],"time":["2022-11-03 16:10:52"],"user":["Judith Lehmann"],"umph":[1667488252.1969],"ok":[true],"chunk":[20],"ex":[3],"e.ind":[0],"code":["eu_2005f <- eu_makro %>%\n  filter(year == 2005) %>%\n  ggplot(aes(debt_share_country)) +\n  geom_histogram(binwidth = 0.01) + \n  ylab(\"Anzahl\") +\n  xlab(\"Schuldenquote\") +\n  geom_vline(xintercept = 0.6, color=\"red\", linetype=\"dashed\")\n\neu_2005f\n\n# enter your code here ...\n"],"message":[""]}
,
{"type":["check_chunk"],"time":["2022-11-03 16:10:52"],"user":["Judith Lehmann"],"umph":[1667488252.7881],"ok":[true],"chunk":[21],"ex":[3],"e.ind":[0],"code":["eu_vergleich <- eu_makro %>% \n  filter(year==2005 | year == 2008 |year== 2011 |year== 2014) %>%\n  ggplot(aes(debt_share_country)) + \n  geom_histogram(binwidth= 0.01) +\n  geom_vline(xintercept = 0.6, color=\"red\", linetype=\"dashed\") +\n  xlab(\"Schuldenquote\") +\n  ylab(\"Anzahl\") +\n  ggtitle(\"Verteilung der Schuldenquote\") +\n  facet_wrap(year ~., nrow=4)\n\neu_vergleich\n\n# enter your code here ...\n"],"message":[""]}
,
{"type":["check_chunk"],"time":["2022-11-03 16:10:52"],"user":["Judith Lehmann"],"umph":[1667488252.7975],"ok":[true],"chunk":[22],"ex":[3],"e.ind":[0],"code":["\n# enter your code here ...\n1"],"message":[""]}
,
{"type":["check_chunk"],"time":["2022-11-03 16:10:52"],"user":["Judith Lehmann"],"umph":[1667488252.8121],"ok":[true],"chunk":[23],"ex":[3],"e.ind":[0],"code":["balken <- eu_analyse %>%\n  mutate( typ = as.factor(ifelse(debt_share_country>0.6,1,0)),\n          relation = debt_share_country - 0.6)\n\n# enter your code here ...\n"],"message":[""]}
,
{"type":["check_chunk"],"time":["2022-11-03 16:10:53"],"user":["Judith Lehmann"],"umph":[1667488253.0867],"ok":[true],"chunk":[24],"ex":[3],"e.ind":[0],"code":["plot_balken <- balken %>%\n  filter(year == 2005) %>%\n  ggplot(aes(x=country, y=relation)) + \n  geom_bar(stat=\"identity\", aes(fill=typ), width=0.5) +\n  xlab(\"Laender\") +\n  ylab(\"Relation\") +\n  ggtitle(\"Einhaltung der Maastricht Kriterien in 2005\")\n\nplot_balken\n\n# enter your code here ...\n"],"message":[""]}
,
{"type":["check_chunk"],"time":["2022-11-03 16:10:53"],"user":["Judith Lehmann"],"umph":[1667488253.3297],"ok":[true],"chunk":[25],"ex":[3],"e.ind":[0],"code":["plot_balken_final <- plot_balken +\n  scale_fill_manual(name=\"Rel. Schuldenquote\", \n                    labels = c(\"Erfuellt Maastricht\", \"Verletzt Maastricht\"),\n                    values = c(\"0\"=\"springgreen4\", \"1\"=\"red\"))\n\nplot_balken_final"],"message":[""]}
,
{"type":["check_chunk"],"time":["2022-11-03 16:10:53"],"user":["Judith Lehmann"],"umph":[1667488253.6511],"ok":[true],"chunk":[26],"ex":[3],"e.ind":[0],"code":["flipped_bars <- balken %>%\n  filter(year==2005 | year == 2014) %>%\n  ggplot(aes(x=country, y=relation)) + \n  geom_bar(stat=\"identity\", aes(fill=typ), width=0.5) +\n  xlab(\"Laender\") +\n  ylab(\"Relation\") +\n  ggtitle(\"Einhaltung der Maastricht Kriterien in 2005 und 2014\") +\n  facet_wrap( year~., ncol=2) +\n  coord_flip()\n\nflipped_bars\n\n# enter your code here ...\n"],"message":[""]}
,
{"type":["check_chunk"],"time":["2022-11-03 16:10:53"],"user":["Judith Lehmann"],"umph":[1667488253.9487],"ok":[true],"chunk":[27],"ex":[3],"e.ind":[0],"code":["flipped_bars +\n  scale_fill_manual(name=\"Rel. Schuldenquote\", \n                    labels = c(\"Erfuellt Maastricht\", \"Verletzt Maastricht\"),\n                    values = c(\"0\"=\"springgreen4\", \"1\"=\"red\"))"],"message":[""]}
,
{"type":["check_chunk"],"time":["2022-11-03 16:11:06"],"user":["Judith Lehmann"],"umph":[1667488266.055],"ok":[true],"chunk":[28],"ex":[3],"e.ind":[0],"code":["animated_bars <- balken %>%\n  ggplot(aes(x=country, y=relation)) + \n  geom_bar(stat=\"identity\", aes(fill=typ), width= 0.5) +\n  xlab(\"Laender\") +\n  ylab(\"Relation\") +\n  ggtitle(\"Einhaltung der Maastricht Kriterien in 2005 und 2014\") +\n  scale_fill_manual(name=\"Rel. Schuldenquote\", \n                    labels = c(\"Erfuellt Maastricht\", \"Verletzt Maastricht\"),\n                    values = c(\"0\"=\"springgreen4\", \"1\"=\"red\")) +\n  coord_flip()\n\n# enter your code here ...\n\nanimated_bars + transition_time(as.integer(year)) +\n  labs(title = \"Jahr: {frame_time}\")"],"message":[""]}
,
{"type":["check_chunk"],"time":["2022-11-03 16:11:06"],"user":["Judith Lehmann"],"umph":[1667488266.1416],"ok":[true],"chunk":[29],"ex":[4],"e.ind":[0],"code":["dat <-  readRDS(\"./data/eu_macro_maps.Rds\")\nhead(dat)"],"message":[""]}
,
{"type":["check_chunk"],"time":["2022-11-03 16:11:06"],"user":["Judith Lehmann"],"umph":[1667488266.611],"ok":[true],"chunk":[30],"ex":[4],"e.ind":[0],"code":["# Erstelle die Spalte debt_share in Prozent und gerundet\ndat <-  dat %>%\n  mutate(debt_share = round(100*gov_debt / gdp))\n# Erstelle die Spalte label fuer die Beschriftung zur Verschuldung\n# in der Karte\ndat <-  dat %>%\n  mutate(label = paste0(cntry,\" \", debt_share,\"%\"))\n\n# Erstelle schoene Farbpalette \n# mit RColorBrewer\ncolours = rev(brewer.pal(8,\"RdYlGn\"))\ndat %>%\n  ggplot() +\n  geom_sf(aes(fill=debt_share, geometry=geometry)) +\n  geom_sf_text(aes(label=label, geometry=geometry), size=3)+\n  theme_void() + \n  scale_fill_gradientn(colours = colours, name = \"Schuldenquote\") +\n  theme(panel.grid.major = element_line(color = \"white\"))\n\n# enter your code here ...\n"],"message":[""]}
,
